<?xml version="1.0" encoding="UTF-8"?>
<!-- Generated by org.testng.reporters.JUnitReportReporter -->
<testsuite hostname="DESKTOP-0A7DVIM" failures="0" tests="2" name="com.simplilearn.RestAssured_Reqres.AppTest" time="1.663" errors="0" timestamp="2023-07-25T22:41:27 IST" skipped="0">
  <testcase classname="com.simplilearn.RestAssured_Reqres.AppTest" name="testGetUsers" time="1.316"/>
  <system-out/>
  <testcase classname="com.simplilearn.RestAssured_Reqres.AppTest" name="testCreateUser" time="0.347"/>
  <system-out/>
</testsuite> <!-- com.simplilearn.RestAssured_Reqres.AppTest -->
